-------------------------------------------------------------------------------
Test set: com.BaseTest
-------------------------------------------------------------------------------
Tests run: 1, Failures: 0, Errors: 1, Skipped: 0, Time elapsed: 0.047 s <<< FAILURE! - in com.BaseTest
initializationError(com.BaseTest)  Time elapsed: 0 s  <<< ERROR!
java.lang.Exception: No runnable methods

